[2019-04-13 17:15:26] production.ERROR: Symfony\Component\HttpKernel\Exception\NotFoundHttpException in C:\laragon\www\proceso\laravel\vendor\laravel\framework\src\Illuminate\Routing\RouteCollection.php:148
Stack trace:
#0 C:\laragon\www\proceso\laravel\vendor\laravel\framework\src\Illuminate\Routing\Router.php(1054): Illuminate\Routing\RouteCollection->match(Object(Illuminate\Http\Request))
#1 C:\laragon\www\proceso\laravel\vendor\laravel\framework\src\Illuminate\Routing\Router.php(1022): Illuminate\Routing\Router->findRoute(Object(Illuminate\Http\Request))
#2 C:\laragon\www\proceso\laravel\vendor\laravel\framework\src\Illuminate\Routing\Router.php(1001): Illuminate\Routing\Router->dispatchToRoute(Object(Illuminate\Http\Request))
#3 C:\laragon\www\proceso\laravel\vendor\laravel\framework\src\Illuminate\Foundation\Application.php(781): Illuminate\Routing\Router->dispatch(Object(Illuminate\Http\Request))
#4 C:\laragon\www\proceso\laravel\vendor\laravel\framework\src\Illuminate\Foundation\Application.php(745): Illuminate\Foundation\Application->dispatch(Object(Illuminate\Http\Request))
#5 C:\laragon\www\proceso\laravel\vendor\laravel\framework\src\Illuminate\Session\Middleware.php(72): Illuminate\Foundation\Application->handle(Object(Illuminate\Http\Request), 1, true)
#6 C:\laragon\www\proceso\laravel\vendor\laravel\framework\src\Illuminate\Cookie\Queue.php(47): Illuminate\Session\Middleware->handle(Object(Illuminate\Http\Request), 1, true)
#7 C:\laragon\www\proceso\laravel\vendor\laravel\framework\src\Illuminate\Cookie\Guard.php(51): Illuminate\Cookie\Queue->handle(Object(Illuminate\Http\Request), 1, true)
#8 C:\laragon\www\proceso\laravel\vendor\stack\builder\src\Stack\StackedHttpKernel.php(23): Illuminate\Cookie\Guard->handle(Object(Illuminate\Http\Request), 1, true)
#9 C:\laragon\www\proceso\laravel\vendor\laravel\framework\src\Illuminate\Foundation\Application.php(641): Stack\StackedHttpKernel->handle(Object(Illuminate\Http\Request))
#10 C:\laragon\www\proceso\public\index.php(49): Illuminate\Foundation\Application->run()
#11 {main} [] []
[2019-04-13 17:15:30] production.ERROR: PDOException: SQLSTATE[HY000] [1045] Access denied for user 'prabtoea_global'@'localhost' (using password: YES) in C:\laragon\www\proceso\laravel\vendor\laravel\framework\src\Illuminate\Database\Connectors\Connector.php:47
Stack trace:
#0 C:\laragon\www\proceso\laravel\vendor\laravel\framework\src\Illuminate\Database\Connectors\Connector.php(47): PDO->__construct('mysql:host=loca...', 'prabtoea_global', 'SHEVCHENKo1410', Array)
#1 C:\laragon\www\proceso\laravel\vendor\laravel\framework\src\Illuminate\Database\Connectors\MySqlConnector.php(20): Illuminate\Database\Connectors\Connector->createConnection('mysql:host=loca...', Array, Array)
#2 C:\laragon\www\proceso\laravel\vendor\laravel\framework\src\Illuminate\Database\Connectors\ConnectionFactory.php(57): Illuminate\Database\Connectors\MySqlConnector->connect(Array)
#3 C:\laragon\www\proceso\laravel\vendor\laravel\framework\src\Illuminate\Database\Connectors\ConnectionFactory.php(46): Illuminate\Database\Connectors\ConnectionFactory->createSingleConnection(Array)
#4 C:\laragon\www\proceso\laravel\vendor\laravel\framework\src\Illuminate\Database\DatabaseManager.php(176): Illuminate\Database\Connectors\ConnectionFactory->make(Array, 'mysql')
#5 C:\laragon\www\proceso\laravel\vendor\laravel\framework\src\Illuminate\Database\DatabaseManager.php(64): Illuminate\Database\DatabaseManager->makeConnection('mysql')
#6 C:\laragon\www\proceso\laravel\vendor\laravel\framework\src\Illuminate\Database\Eloquent\Model.php(2922): Illuminate\Database\DatabaseManager->connection('mysql')
#7 C:\laragon\www\proceso\laravel\vendor\laravel\framework\src\Illuminate\Database\Eloquent\Model.php(2888): Illuminate\Database\Eloquent\Model::resolveConnection(NULL)
#8 C:\laragon\www\proceso\laravel\vendor\laravel\framework\src\Illuminate\Database\Eloquent\Model.php(1849): Illuminate\Database\Eloquent\Model->getConnection()
#9 C:\laragon\www\proceso\laravel\vendor\laravel\framework\src\Illuminate\Database\Eloquent\Model.php(1790): Illuminate\Database\Eloquent\Model->newBaseQueryBuilder()
#10 C:\laragon\www\proceso\laravel\vendor\laravel\framework\src\Illuminate\Database\Eloquent\Model.php(1764): Illuminate\Database\Eloquent\Model->newQueryWithoutScopes()
#11 C:\laragon\www\proceso\laravel\vendor\laravel\framework\src\Illuminate\Auth\EloquentUserProvider.php(87): Illuminate\Database\Eloquent\Model->newQuery()
#12 C:\laragon\www\proceso\laravel\vendor\laravel\framework\src\Illuminate\Auth\Guard.php(354): Illuminate\Auth\EloquentUserProvider->retrieveByCredentials(Array)
#13 [internal function]: Illuminate\Auth\Guard->attempt(Array, 'on')
#14 C:\laragon\www\proceso\laravel\vendor\laravel\framework\src\Illuminate\Support\Manager.php(138): call_user_func_array(Array, Array)
#15 C:\laragon\www\proceso\laravel\vendor\laravel\framework\src\Illuminate\Support\Facades\Facade.php(211): Illuminate\Support\Manager->__call('attempt', Array)
#16 C:\laragon\www\proceso\laravel\app\controllers\LoginController.php(93): Illuminate\Support\Facades\Facade::__callStatic('attempt', Array)
#17 C:\laragon\www\proceso\laravel\app\controllers\LoginController.php(115): LoginController->signIn(Array)
#18 [internal function]: LoginController->postSignin()
#19 C:\laragon\www\proceso\laravel\vendor\laravel\framework\src\Illuminate\Routing\Controller.php(231): call_user_func_array(Array, Array)
#20 C:\laragon\www\proceso\laravel\vendor\laravel\framework\src\Illuminate\Routing\ControllerDispatcher.php(93): Illuminate\Routing\Controller->callAction('postSignin', Array)
#21 C:\laragon\www\proceso\laravel\vendor\laravel\framework\src\Illuminate\Routing\ControllerDispatcher.php(62): Illuminate\Routing\ControllerDispatcher->call(Object(LoginController), Object(Illuminate\Routing\Route), 'postSignin')
#22 C:\laragon\www\proceso\laravel\vendor\laravel\framework\src\Illuminate\Routing\Router.php(967): Illuminate\Routing\ControllerDispatcher->dispatch(Object(Illuminate\Routing\Route), Object(Illuminate\Http\Request), 'LoginController', 'postSignin')
#23 [internal function]: Illuminate\Routing\Router->Illuminate\Routing\{closure}()
#24 C:\laragon\www\proceso\laravel\vendor\laravel\framework\src\Illuminate\Routing\Route.php(109): call_user_func_array(Object(Closure), Array)
#25 C:\laragon\www\proceso\laravel\vendor\laravel\framework\src\Illuminate\Routing\Router.php(1033): Illuminate\Routing\Route->run(Object(Illuminate\Http\Request))
#26 C:\laragon\www\proceso\laravel\vendor\laravel\framework\src\Illuminate\Routing\Router.php(1001): Illuminate\Routing\Router->dispatchToRoute(Object(Illuminate\Http\Request))
#27 C:\laragon\www\proceso\laravel\vendor\laravel\framework\src\Illuminate\Foundation\Application.php(781): Illuminate\Routing\Router->dispatch(Object(Illuminate\Http\Request))
#28 C:\laragon\www\proceso\laravel\vendor\laravel\framework\src\Illuminate\Foundation\Application.php(745): Illuminate\Foundation\Application->dispatch(Object(Illuminate\Http\Request))
#29 C:\laragon\www\proceso\laravel\vendor\laravel\framework\src\Illuminate\Session\Middleware.php(72): Illuminate\Foundation\Application->handle(Object(Illuminate\Http\Request), 1, true)
#30 C:\laragon\www\proceso\laravel\vendor\laravel\framework\src\Illuminate\Cookie\Queue.php(47): Illuminate\Session\Middleware->handle(Object(Illuminate\Http\Request), 1, true)
#31 C:\laragon\www\proceso\laravel\vendor\laravel\framework\src\Illuminate\Cookie\Guard.php(51): Illuminate\Cookie\Queue->handle(Object(Illuminate\Http\Request), 1, true)
#32 C:\laragon\www\proceso\laravel\vendor\stack\builder\src\Stack\StackedHttpKernel.php(23): Illuminate\Cookie\Guard->handle(Object(Illuminate\Http\Request), 1, true)
#33 C:\laragon\www\proceso\laravel\vendor\laravel\framework\src\Illuminate\Foundation\Application.php(641): Stack\StackedHttpKernel->handle(Object(Illuminate\Http\Request))
#34 C:\laragon\www\proceso\public\index.php(49): Illuminate\Foundation\Application->run()
#35 {main} [] []
